0 info it worked if it ends with ok
1 verbose cli [ 'node', '/usr/local/bin/npm', 'link', 'mongoose' ]
2 info using npm@1.1.49
3 info using node@v0.8.11
4 info /Users/craig/Developer/Public/maprest.js/node_modules/mongoose unbuild
5 verbose read json /Users/craig/Developer/Public/maprest.js/node_modules/mongoose/package.json
6 verbose link symlinking /usr/local/lib/node_modules/mongoose to /Users/craig/Developer/Public/maprest.js/node_modules/mongoose
7 info build /Users/craig/Developer/Public/maprest.js/node_modules/mongoose
8 verbose read json /Users/craig/Developer/Public/maprest.js/node_modules/mongoose/package.json
9 info preinstall mongoose@2.5.5
10 verbose linkStuff [ false,
10 verbose linkStuff   false,
10 verbose linkStuff   false,
10 verbose linkStuff   '/Users/craig/Developer/Public/maprest.js/node_modules' ]
11 info linkStuff mongoose@2.5.5
12 verbose linkBins mongoose@2.5.5
13 verbose linkMans mongoose@2.5.5
14 verbose rebuildBundles mongoose@2.5.5
15 verbose rebuildBundles [ 'hooks', 'mongodb', 'ms' ]
16 verbose rebuild bundle /Users/craig/Developer/Public/maprest.js/node_modules/mongoose/node_modules/ms
17 info build /Users/craig/Developer/Public/maprest.js/node_modules/mongoose/node_modules/ms
18 verbose read json /Users/craig/Developer/Public/maprest.js/node_modules/mongoose/node_modules/ms/package.json
19 error Failed to parse json
19 error Unexpected end of input
20 error File: /Users/craig/Developer/Public/maprest.js/node_modules/mongoose/node_modules/ms/package.json
21 error Failed to parse package.json data.
21 error package.json must be actual JSON, not just JavaScript.
21 error
21 error This is not a bug in npm.
21 error Tell the package author to fix their package.json file. JSON.parse
22 error System Darwin 12.1.0
23 error command "node" "/usr/local/bin/npm" "link" "mongoose"
24 error cwd /Users/craig/Developer/Public/maprest.js
25 error node -v v0.8.11
26 error npm -v 1.1.49
27 error file /Users/craig/Developer/Public/maprest.js/node_modules/mongoose/node_modules/ms/package.json
28 error code EJSONPARSE
29 verbose exit [ 1, true ]
